<?xml version="1.0" encoding="UTF-8"?>
<robot generator="Robot 4.1.2 (Python 3.10.0 on win32)" generated="20211110 15:10:51.865" rpa="false" schemaversion="2">
<suite id="s1" name="TestSitePractice" source="C:\Users\logcomex\Documents\Robot_May\tests\TestSitePractice.robot">
<test id="s1-t1" name="Caso de Teste 01: Pesquisar produto existente">
<kw name="Abrir navegador" library="Resource" type="SETUP">
<kw name="Open Browser" library="SeleniumLibrary">
<arg>http://automationpractice.com</arg>
<arg>chrome</arg>
<doc>Opens a new browser instance to the optional ``url``.</doc>
<msg timestamp="20211110 15:10:52.091" level="INFO">Opening browser 'chrome' to base url 'http://automationpractice.com'.</msg>
<status status="PASS" starttime="20211110 15:10:52.091" endtime="20211110 15:10:59.582"/>
</kw>
<status status="PASS" starttime="20211110 15:10:52.090" endtime="20211110 15:10:59.583"/>
</kw>
<kw name="Acessar a página home do site" library="Resource">
<kw name="Go To" library="SeleniumLibrary">
<arg>http://automationpractice.com</arg>
<doc>Navigates the current browser window to the provided ``url``.</doc>
<msg timestamp="20211110 15:10:59.584" level="INFO">Opening url 'http://automationpractice.com'</msg>
<status status="PASS" starttime="20211110 15:10:59.584" endtime="20211110 15:11:01.865"/>
</kw>
<kw name="Title Should Be" library="SeleniumLibrary">
<arg>My Store</arg>
<doc>Verifies that the current page title equals ``title``.</doc>
<msg timestamp="20211110 15:11:01.878" level="INFO">Page title is 'My Store'.</msg>
<status status="PASS" starttime="20211110 15:11:01.865" endtime="20211110 15:11:01.878"/>
</kw>
<status status="PASS" starttime="20211110 15:10:59.583" endtime="20211110 15:11:01.878"/>
</kw>
<kw name="Fechar navegador" library="Resource" type="TEARDOWN">
<kw name="Close Browser" library="SeleniumLibrary">
<doc>Closes the current browser.</doc>
<status status="PASS" starttime="20211110 15:11:01.879" endtime="20211110 15:11:04.068"/>
</kw>
<status status="PASS" starttime="20211110 15:11:01.879" endtime="20211110 15:11:04.068"/>
</kw>
<status status="PASS" starttime="20211110 15:10:52.089" endtime="20211110 15:11:04.068"/>
</test>
<status status="PASS" starttime="20211110 15:10:51.866" endtime="20211110 15:11:04.070"/>
</suite>
<statistics>
<total>
<stat pass="1" fail="0" skip="0">All Tests</stat>
</total>
<tag>
</tag>
<suite>
<stat pass="1" fail="0" skip="0" id="s1" name="TestSitePractice">TestSitePractice</stat>
</suite>
</statistics>
<errors>
</errors>
</robot>
